1732938890203	geckodriver	INFO	Listening on 127.0.0.1:56193
1732938893313	mozrunner::runner	INFO	Running command: "C:\\Program Files\\Mozilla Firefox\\firefox.exe" "--marionette" "--remote-debugging-port" "56194" "--remote-allow-hosts" "localhost" "-no-remote" "-profile" "C:\\Users\\ADMINI~1\\AppData\\Local\\Temp\\rust_mozprofileR7PTbA"
console.warn: services.settings: Ignoring preference override of remote settings server
console.warn: services.settings: Allow by setting MOZ_REMOTE_SETTINGS_DEVTOOLS=1 in the environment
Dynamically enable window occlusion 0
1732938894403	Marionette	INFO	Marionette enabled
1732938894638	Marionette	INFO	Listening on port 56205
WebDriver BiDi listening on ws://127.0.0.1:56194
Read port: 56205
1732938894962	RemoteAgent	WARN	TLS certificate errors will be ignored for this session
DevTools listening on ws://127.0.0.1:56194/devtools/browser/c16958c4-5bf6-4dfc-84f6-d7f287412980
1732938908401	Marionette	INFO	Stopped listening on port 56205
Dynamically enable window occlusion 1
1732939167169	geckodriver	INFO	Listening on 127.0.0.1:56473
1732939170243	mozrunner::runner	INFO	Running command: "C:\\Program Files\\Mozilla Firefox\\firefox.exe" "--marionette" "--remote-debugging-port" "56474" "--remote-allow-hosts" "localhost" "-no-remote" "-profile" "C:\\Users\\ADMINI~1\\AppData\\Local\\Temp\\rust_mozprofilePwjAPi"
console.warn: services.settings: Ignoring preference override of remote settings server
console.warn: services.settings: Allow by setting MOZ_REMOTE_SETTINGS_DEVTOOLS=1 in the environment
Dynamically enable window occlusion 0
1732939170720	Marionette	INFO	Marionette enabled
1732939170902	Marionette	INFO	Listening on port 56484
WebDriver BiDi listening on ws://127.0.0.1:56474
Read port: 56484
1732939171140	RemoteAgent	WARN	TLS certificate errors will be ignored for this session
DevTools listening on ws://127.0.0.1:56474/devtools/browser/3b2f12b3-398c-40da-9632-4b7327eaee97
1732939184784	Marionette	INFO	Stopped listening on port 56484
Dynamically enable window occlusion 1
1732939286200	geckodriver	INFO	Listening on 127.0.0.1:56700
1732939289282	mozrunner::runner	INFO	Running command: "C:\\Program Files\\Mozilla Firefox\\firefox.exe" "--marionette" "--remote-debugging-port" "56701" "--remote-allow-hosts" "localhost" "-no-remote" "-profile" "C:\\Users\\ADMINI~1\\AppData\\Local\\Temp\\rust_mozprofile5eKMJT"
console.warn: services.settings: Ignoring preference override of remote settings server
console.warn: services.settings: Allow by setting MOZ_REMOTE_SETTINGS_DEVTOOLS=1 in the environment
Dynamically enable window occlusion 0
1732939289726	Marionette	INFO	Marionette enabled
1732939289888	Marionette	INFO	Listening on port 56713
Read port: 56713
WebDriver BiDi listening on ws://127.0.0.1:56701
1732939289976	RemoteAgent	WARN	TLS certificate errors will be ignored for this session
DevTools listening on ws://127.0.0.1:56701/devtools/browser/7207452f-346f-4207-950f-71203d4f6606
1732939303721	Marionette	INFO	Stopped listening on port 56713
Dynamically enable window occlusion 1
1732941870279	geckodriver	INFO	Listening on 127.0.0.1:59640
1732941873357	mozrunner::runner	INFO	Running command: "C:\\Program Files\\Mozilla Firefox\\firefox.exe" "--marionette" "--remote-debugging-port" "59641" "--remote-allow-hosts" "localhost" "-no-remote" "-profile" "C:\\Users\\ADMINI~1\\AppData\\Local\\Temp\\rust_mozprofilec8FBa3"
console.warn: services.settings: Ignoring preference override of remote settings server
console.warn: services.settings: Allow by setting MOZ_REMOTE_SETTINGS_DEVTOOLS=1 in the environment
Dynamically enable window occlusion 0
1732941873917	Marionette	INFO	Marionette enabled
1732941874092	Marionette	INFO	Listening on port 59652
WebDriver BiDi listening on ws://127.0.0.1:59641
Read port: 59652
1732941874375	RemoteAgent	WARN	TLS certificate errors will be ignored for this session
DevTools listening on ws://127.0.0.1:59641/devtools/browser/5f6fa6c8-fa5e-42f2-9817-3a438def1263
console.warn: LoginRecipes: "Falling back to a synchronous message for: https://accounts.google.com."
1732941881744	Marionette	INFO	Stopped listening on port 59652
Dynamically enable window occlusion 1
1732941961862	geckodriver	INFO	Listening on 127.0.0.1:59774
1732941964938	mozrunner::runner	INFO	Running command: "C:\\Program Files\\Mozilla Firefox\\firefox.exe" "--marionette" "--remote-debugging-port" "59775" "--remote-allow-hosts" "localhost" "-no-remote" "-profile" "C:\\Users\\ADMINI~1\\AppData\\Local\\Temp\\rust_mozprofilev1baff"
console.warn: services.settings: Ignoring preference override of remote settings server
console.warn: services.settings: Allow by setting MOZ_REMOTE_SETTINGS_DEVTOOLS=1 in the environment
Dynamically enable window occlusion 0
1732941965421	Marionette	INFO	Marionette enabled
1732941965596	Marionette	INFO	Listening on port 59785
WebDriver BiDi listening on ws://127.0.0.1:59775
Read port: 59785
1732941965844	RemoteAgent	WARN	TLS certificate errors will be ignored for this session
DevTools listening on ws://127.0.0.1:59775/devtools/browser/a3b646b2-f8d0-4652-a5e3-ed973370c842
JavaScript warning: https://static.xx.fbcdn.net/rsrc.php/v3i_Ou4/yQ/l/en_GB/bSFmFG5wOuO.js, line 36: WEBGL_debug_renderer_info is deprecated in Firefox and will be removed. Please use RENDERER.
1732941974160	Marionette	INFO	Stopped listening on port 59785
Dynamically enable window occlusion 1
1732942028457	geckodriver	INFO	Listening on 127.0.0.1:59876
1732942031535	mozrunner::runner	INFO	Running command: "C:\\Program Files\\Mozilla Firefox\\firefox.exe" "--marionette" "--remote-debugging-port" "59877" "--remote-allow-hosts" "localhost" "-no-remote" "-profile" "C:\\Users\\ADMINI~1\\AppData\\Local\\Temp\\rust_mozprofileHShrYj"
console.warn: services.settings: Ignoring preference override of remote settings server
console.warn: services.settings: Allow by setting MOZ_REMOTE_SETTINGS_DEVTOOLS=1 in the environment
Dynamically enable window occlusion 0
1732942032026	Marionette	INFO	Marionette enabled
1732942032180	Marionette	INFO	Listening on port 59889
WebDriver BiDi listening on ws://127.0.0.1:59877
Read port: 59889
1732942032421	RemoteAgent	WARN	TLS certificate errors will be ignored for this session
DevTools listening on ws://127.0.0.1:59877/devtools/browser/9ece6fd5-58a2-4620-a5c0-ce94785d5430
1732942036910	Marionette	WARN	Ignoring event 'DOMContentLoaded' because document has an invalid readyState of 'complete'.
1732942037263	Marionette	WARN	Ignoring event 'DOMContentLoaded' because document has an invalid readyState of 'complete'.
1732942042528	Marionette	INFO	Stopped listening on port 59889
Dynamically enable window occlusion 1
1732942992260	geckodriver	INFO	Listening on 127.0.0.1:60697
1732942995339	mozrunner::runner	INFO	Running command: "C:\\Program Files\\Mozilla Firefox\\firefox.exe" "--marionette" "--remote-debugging-port" "60698" "--remote-allow-hosts" "localhost" "-no-remote" "-profile" "C:\\Users\\ADMINI~1\\AppData\\Local\\Temp\\rust_mozprofilerxAVKz"
console.warn: services.settings: Ignoring preference override of remote settings server
console.warn: services.settings: Allow by setting MOZ_REMOTE_SETTINGS_DEVTOOLS=1 in the environment
Dynamically enable window occlusion 0
1732942995857	Marionette	INFO	Marionette enabled
1732942996034	Marionette	INFO	Listening on port 60708
WebDriver BiDi listening on ws://127.0.0.1:60698
Read port: 60708
1732942996277	RemoteAgent	WARN	TLS certificate errors will be ignored for this session
DevTools listening on ws://127.0.0.1:60698/devtools/browser/98805656-3c36-483e-9cd9-b1e8d2d0a118
1732943026675	addons.xpi	ERROR	System addon update list error SyntaxError: XMLHttpRequest.open: 'http://%(server)s/dummy-system-addons.xml' is not a valid URL.
JavaScript warning: https://duckduckgo.com/dist/util/u.5417722e732c999323af.js, line 1: Script terminated by timeout at:
_send@https://duckduckgo.com/dist/util/u.5417722e732c999323af.js:1:29495
fire@https://duckduckgo.com/dist/util/u.5417722e732c999323af.js:1:20569
ready/<@https://duckduckgo.com/dist/g.87af0cd1731ceffaa9f0.js:1:104182

1732944124885	Marionette	INFO	Stopped listening on port 60708
Dynamically enable window occlusion 1
vices.settings: Allow by setting MOZ_REMOTE_SETTINGS_DEVTOOLS=1 in the environment
Dynamically enable window occlusion 0
1732943272759	Marionette	INFO	Marionette enabled
1732943272925	Marionette	INFO	Listening on port 60995
WebDriver BiDi listening on ws://127.0.0.1:60986
Read port: 60995
1732943273192	RemoteAgent	WARN	TLS certificate errors will be ignored for this session
DevTools listening on ws://127.0.0.1:60986/devtools/browser/96fee54b-29b4-4ae2-a486-e831d19747fd
1732943278827	Marionette	INFO	Stopped listening on port 60995
Dynamically enable window occlusion 1
1732943835416	geckodriver	INFO	Listening on 127.0.0.1:61560
1732943838480	mozrunner::runner	INFO	Running command: "C:\\Program Files\\Mozilla Firefox\\firefox.exe" "--marionette" "--remote-debugging-port" "61561" "--remote-allow-hosts" "localhost" "-no-remote" "-profile" "C:\\Users\\ADMINI~1\\AppData\\Local\\Temp\\rust_mozprofileb8l5gJ"
console.warn: services.settings: Ignoring preference override of remote settings server
console.warn: services.settings: Allow by setting MOZ_REMOTE_SETTINGS_DEVTOOLS=1 in the environment
Dynamically enable window occlusion 0
1732943838947	Marionette	INFO	Marionette enabled
1732943839113	Marionette	INFO	Listening on port 61571
WebDriver BiDi listening on ws://127.0.0.1:61561
Read port: 61571
1732943839382	RemoteAgent	WARN	TLS certificate errors will be ignored for this session
DevTools listening on ws://127.0.0.1:61561/devtools/browser/26aca57f-8191-4858-8226-c9f33c8e1e78
console.warn: LoginRecipes: "Falling back to a synchronous message for: https://github.com."
console.warn: LoginRecipes: "Falling back to a synchronous message for: https://github.com."
console.warn: LoginRecipes: "Falling back to a synchronous message for: https://github.com."
1732943844579	Marionette	INFO	Stopped listening on port 61571
Dynamically enable window occlusion 1
1732944030168	geckodriver	INFO	Listening on 127.0.0.1:61775
1732944033253	mozrunner::runner	INFO	Running command: "C:\\Program Files\\Mozilla Firefox\\firefox.exe" "--marionette" "--remote-debugging-port" "61776" "--remote-allow-hosts" "localhost" "-no-remote" "-profile" "C:\\Users\\ADMINI~1\\AppData\\Local\\Temp\\rust_mozprofile7YxvlY"
console.warn: services.settings: Ignoring preference override of remote settings server
console.warn: services.settings: Allow by setting MOZ_REMOTE_SETTINGS_DEVTOOLS=1 in the environment
Dynamically enable window occlusion 0
1732944033655	Marionette	INFO	Marionette enabled
1732944033826	Marionette	INFO	Listening on port 61786
WebDriver BiDi listening on ws://127.0.0.1:61776
Read port: 61786
1732944034086	RemoteAgent	WARN	TLS certificate errors will be ignored for this session
DevTools listening on ws://127.0.0.1:61776/devtools/browser/75125d07-47dc-4faf-84db-4be3b2a0e8fa
console.warn: LoginRecipes: "Falling back to a synchronous message for: https://github.com."
console.warn: LoginRecipes: "Falling back to a synchronous message for: https://github.com."
console.warn: LoginRecipes: "Falling back to a synchronous message for: https://github.com."
console.warn: LoginRecipes: "Falling back to a synchronous message for: https://github.com."
console.warn: LoginRecipes: "Falling back to a synchronous message for: https://github.com."
1732944039605	Marionette	INFO	Stopped listening on port 61786
Dynamically enable window occlusion 1
1732944070041	geckodriver	INFO	Listening on 127.0.0.1:61885
1732944073116	mozrunner::runner	INFO	Running command: "C:\\Program Files\\Mozilla Firefox\\firefox.exe" "--marionette" "--remote-debugging-port" "61886" "--remote-allow-hosts" "localhost" "-no-remote" "-profile" "C:\\Users\\ADMINI~1\\AppData\\Local\\Temp\\rust_mozprofile3XahVE"
console.warn: services.settings: Ignoring preference override of remote settings server
console.warn: services.settings: Allow by setting MOZ_REMOTE_SETTINGS_DEVTOOLS=1 in the environment
Dynamically enable window occlusion 0
1732944073570	Marionette	INFO	Marionette enabled
1732944073750	Marionette	INFO	Listening on port 61896
WebDriver BiDi listening on ws://127.0.0.1:61886
Read port: 61896
1732944073994	RemoteAgent	WARN	TLS certificate errors will be ignored for this session
DevTools listening on ws://127.0.0.1:61886/devtools/browser/cd04ecf8-8796-4c4a-a38b-e6b9b7a4350c
console.warn: LoginRecipes: "Falling back to a synchronous message for: https://github.com."
console.warn: LoginRecipes: "Falling back to a synchronous message for: https://github.com."
console.warn: LoginRecipes: "Falling back to a synchronous message for: https://github.com."
console.warn: LoginRecipes: "Falling back to a synchronous message for: https://github.com."
console.warn: LoginRecipes: "Falling back to a synchronous message for: https://github.com."
1732944079165	Marionette	INFO	Stopped listening on port 61896
Dynamically enable window occlusion 1
1732944105218	geckodriver	INFO	Listening on 127.0.0.1:61978
1732944108295	mozrunner::runner	INFO	Running command: "C:\\Program Files\\Mozilla Firefox\\firefox.exe" "--marionette" "--remote-debugging-port" "61979" "--remote-allow-hosts" "localhost" "-no-remote" "-profile" "C:\\Users\\ADMINI~1\\AppData\\Local\\Temp\\rust_mozprofile7tjfiG"
console.warn: services.settings: Ignoring preference override of remote settings server
console.warn: services.settings: Allow by setting MOZ_REMOTE_SETTINGS_DEVTOOLS=1 in the environment
Dynamically enable window occlusion 0
1732944108752	Marionette	INFO	Marionette enabled
1732944108909	Marionette	INFO	Listening on port 61988
Read port: 61988
WebDriver BiDi listening on ws://127.0.0.1:61979
1732944108995	RemoteAgent	WARN	TLS certificate errors will be ignored for this session
DevTools listening on ws://127.0.0.1:61979/devtools/browser/8321bdc1-5527-4235-baed-721e07646bfd
console.warn: LoginRecipes: "Falling back to a synchronous message for: https://github.com."
console.warn: LoginRecipes: "Falling back to a synchronous message for: https://github.com."
console.warn: LoginRecipes: "Falling back to a synchronous message for: https://github.com."
console.warn: LoginRecipes: "Falling back to a synchronous message for: https://github.com."
console.warn: LoginRecipes: "Falling back to a synchronous message for: https://github.com."
1732944114570	Marionette	INFO	Stopped listening on port 61988
Dynamically enable window occlusion 1
1732944138164	geckodriver	INFO	Listening on 127.0.0.1:62069
1732944141234	mozrunner::runner	INFO	Running command: "C:\\Program Files\\Mozilla Firefox\\firefox.exe" "--marionette" "--remote-debugging-port" "62070" "--remote-allow-hosts" "localhost" "-no-remote" "-profile" "C:\\Users\\ADMINI~1\\AppData\\Local\\Temp\\rust_mozprofileGTwfix"
console.warn: services.settings: Ignoring preference override of remote settings server
console.warn: services.settings: Allow by setting MOZ_REMOTE_SETTINGS_DEVTOOLS=1 in the environment
Dynamically enable window occlusion 0
1732944141703	Marionette	INFO	Marionette enabled
1732944141858	Marionette	INFO	Listening on port 62080
WebDriver BiDi listening on ws://127.0.0.1:62070
Read port: 62080
1732944142132	RemoteAgent	WARN	TLS certificate errors will be ignored for this session
DevTools listening on ws://127.0.0.1:62070/devtools/browser/bbf5dbac-479e-44fe-a89b-892eeb5a421a
console.warn: LoginRecipes: "Falling back to a synchronous message for: https://github.com."
console.warn: LoginRecipes: "Falling back to a synchronous message for: https://github.com."
console.warn: LoginRecipes: "Falling back to a synchronous message for: https://github.com."
console.warn: LoginRecipes: "Falling back to a synchronous message for: https://github.com."
console.warn: LoginRecipes: "Falling back to a synchronous message for: https://github.com."
1732944147551	Marionette	INFO	Stopped listening on port 62080
Dynamically enable window occlusion 1
1732944169291	geckodriver	INFO	Listening on 127.0.0.1:62158
1732944172373	mozrunner::runner	INFO	Running command: "C:\\Program Files\\Mozilla Firefox\\firefox.exe" "--marionette" "--remote-debugging-port" "62159" "--remote-allow-hosts" "localhost" "-no-remote" "-profile" "C:\\Users\\ADMINI~1\\AppData\\Local\\Temp\\rust_mozprofileb2xiEh"
console.warn: services.settings: Ignoring preference override of remote settings server
console.warn: services.settings: Allow by setting MOZ_REMOTE_SETTINGS_DEVTOOLS=1 in the environment
Dynamically enable window occlusion 0
1732944172828	Marionette	INFO	Marionette enabled
1732944173005	Marionette	INFO	Listening on port 62170
WebDriver BiDi listening on ws://127.0.0.1:62159
Read port: 62170
1732944173246	RemoteAgent	WARN	TLS certificate errors will be ignored for this session
DevTools listening on ws://127.0.0.1:62159/devtools/browser/b2011231-0fea-41e6-8e2e-2d5aa2b696ec
console.warn: LoginRecipes: "Falling back to a synchronous message for: https://github.com."
console.warn: LoginRecipes: "Falling back to a synchronous message for: https://github.com."
console.warn: LoginRecipes: "Falling back to a synchronous message for: https://github.com."
console.warn: LoginRecipes: "Falling back to a synchronous message for: https://github.com."
console.warn: LoginRecipes: "Falling back to a synchronous message for: https://github.com."
1732944178639	Marionette	INFO	Stopped listening on port 62170
Dynamically enable window occlusion 1
1732944208525	geckodriver	INFO	Listening on 127.0.0.1:62255
1732944211611	mozrunner::runner	INFO	Running command: "C:\\Program Files\\Mozilla Firefox\\firefox.exe" "--marionette" "--remote-debugging-port" "62256" "--remote-allow-hosts" "localhost" "-no-remote" "-profile" "C:\\Users\\ADMINI~1\\AppData\\Local\\Temp\\rust_mozprofileHzB9MO"
console.warn: services.settings: Ignoring preference override of remote settings server
console.warn: services.settings: Allow by setting MOZ_REMOTE_SETTINGS_DEVTOOLS=1 in the environment
Dynamically enable window occlusion 0
1732944212086	Marionette	INFO	Marionette enabled
1732944212256	Marionette	INFO	Listening on port 62267
WebDriver BiDi listening on ws://127.0.0.1:62256
Read port: 62267
1732944212526	RemoteAgent	WARN	TLS certificate errors will be ignored for this session
DevTools listening on ws://127.0.0.1:62256/devtools/browser/bfba576c-ec9f-4f5b-bb22-e7cb79439bee
console.warn: LoginRecipes: "Falling back to a synchronous message for: https://github.com."
console.warn: LoginRecipes: "Falling back to a synchronous message for: https://github.com."
console.warn: LoginRecipes: "Falling back to a synchronous message for: https://github.com."
console.warn: LoginRecipes: "Falling back to a synchronous message for: https://github.com."
console.warn: LoginRecipes: "Falling back to a synchronous message for: https://github.com."
JavaScript error: chrome://browser/content/preferences/moreFromMozilla.js, line 83: TypeError: Region.home is null
JavaScript error: chrome://browser/content/preferences/moreFromMozilla.js, line 83: TypeError: Region.home is null
1732944242159	addons.xpi	ERROR	System addon update list error SyntaxError: XMLHttpRequest.open: 'http://%(server)s/dummy-system-addons.xml' is not a valid URL.
1732944244747	Marionette	INFO	Stopped listening on port 62267
Dynamically enable window occlusion 1
1732944274028	geckodriver	INFO	Listening on 127.0.0.1:62372
1732944277112	mozrunner::runner	INFO	Running command: "C:\\Program Files\\Mozilla Firefox\\firefox.exe" "--marionette" "--remote-debugging-port" "62373" "--remote-allow-hosts" "localhost" "-no-remote" "-profile" "C:\\Users\\ADMINI~1\\AppData\\Local\\Temp\\rust_mozprofileqsAe4f"
console.warn: services.settings: Ignoring preference override of remote settings server
console.warn: services.settings: Allow by setting MOZ_REMOTE_SETTINGS_DEVTOOLS=1 in the environment
Dynamically enable window occlusion 0
1732944277605	Marionette	INFO	Marionette enabled
1732944277798	Marionette	INFO	Listening on port 62383
WebDriver BiDi listening on ws://127.0.0.1:62373
Read port: 62383
1732944278030	RemoteAgent	WARN	TLS certificate errors will be ignored for this session
DevTools listening on ws://127.0.0.1:62373/devtools/browser/46028d85-2c97-4184-9016-ff66c6d39d3e
console.warn: LoginRecipes: "Falling back to a synchronous message for: https://github.com."
console.warn: LoginRecipes: "Falling back to a synchronous message for: https://github.com."
console.warn: LoginRecipes: "Falling back to a synchronous message for: https://github.com."
console.warn: LoginRecipes: "Falling back to a synchronous message for: https://github.com."
console.warn: LoginRecipes: "Falling back to a synchronous message for: https://github.com."
1732944307866	addons.xpi	ERROR	System addon update list error SyntaxError: XMLHttpRequest.open: 'http://%(server)s/dummy-system-addons.xml' is not a valid URL.
1732944310449	Marionette	INFO	Stopped listening on port 62383
Dynamically enable window occlusion 1
1732945578030	geckodriver	INFO	Listening on 127.0.0.1:63553
1732945581096	mozrunner::runner	INFO	Running command: "C:\\Program Files\\Mozilla Firefox\\firefox.exe" "--marionette" "--remote-debugging-port" "63554" "--remote-allow-hosts" "localhost" "-no-remote" "-profile" "C:\\Users\\ADMINI~1\\AppData\\Local\\Temp\\rust_mozprofileNugcrI"
console.warn: services.settings: Ignoring preference override of remote settings server
console.warn: services.settings: Allow by setting MOZ_REMOTE_SETTINGS_DEVTOOLS=1 in the environment
Dynamically enable window occlusion 0
1732945581597	Marionette	INFO	Marionette enabled
1732945581810	Marionette	INFO	Listening on port 63565
Read port: 63565
WebDriver BiDi listening on ws://127.0.0.1:63554
1732945581901	RemoteAgent	WARN	TLS certificate errors will be ignored for this session
DevTools listening on ws://127.0.0.1:63554/devtools/browser/97f0d230-bc8a-4b13-861b-9136da90b6dd
console.warn: LoginRecipes: "Falling back to a synchronous message for: https://practicetestautomation.com."
1732945611633	addons.xpi	ERROR	System addon update list error SyntaxError: XMLHttpRequest.open: 'http://%(server)s/dummy-system-addons.xml' is not a valid URL.
console.warn: LoginRecipes: "Falling back to a synchronous message for: https://practicetestautomation.com."
JavaScript error: resource://gre/modules/AsyncShutdown.sys.mjs, line 569: NotFoundError: No such JSProcessActor 'DevToolsProcess'
JavaScript error: resource://gre/modules/AsyncShutdown.sys.mjs, line 569: NotFoundError: No such JSProcessActor 'DevToolsProcess'
JavaScript error: resource://gre/modules/AsyncShutdown.sys.mjs, line 569: NotFoundError: No such JSProcessActor 'DevToolsProcess'
1732945638516	Marionette	INFO	Stopped listening on port 63565
Dynamically enable window occlusion 1
1732945639448	geckodriver	INFO	Listening on 127.0.0.1:63669
1732945642523	mozrunner::runner	INFO	Running command: "C:\\Program Files\\Mozilla Firefox\\firefox.exe" "--marionette" "--remote-debugging-port" "63670" "--remote-allow-hosts" "localhost" "-no-remote" "-profile" "C:\\Users\\ADMINI~1\\AppData\\Local\\Temp\\rust_mozprofileAQqjQJ"
console.warn: services.settings: Ignoring preference override of remote settings server
console.warn: services.settings: Allow by setting MOZ_REMOTE_SETTINGS_DEVTOOLS=1 in the environment
Dynamically enable window occlusion 0
1732945643011	Marionette	INFO	Marionette enabled
1732945643172	Marionette	INFO	Listening on port 63680
WebDriver BiDi listening on ws://127.0.0.1:63670
Read port: 63680
1732945643425	RemoteAgent	WARN	TLS certificate errors will be ignored for this session
DevTools listening on ws://127.0.0.1:63670/devtools/browser/b5cb3f58-bc81-4768-a15d-4c8a6218b443
console.warn: LoginRecipes: "Falling back to a synchronous message for: https://practicetestautomation.com."
console.warn: LoginRecipes: "Falling back to a synchronous message for: https://practicetestautomation.com."
1732945673195	addons.xpi	ERROR	System addon update list error SyntaxError: XMLHttpRequest.open: 'http://%(server)s/dummy-system-addons.xml' is not a valid URL.
1732945678978	Marionette	INFO	Stopped listening on port 63680
Dynamically enable window occlusion 1
console.warn: "Async method failed in safeAsyncMethod" (new Error("Connection closed, pending request to server0.conn0.process3//customhighlighter69, type hide failed\n\nRequest stack:\nrequest@resource://devtools/shared/protocol/Front.js:299:14\ngenerateRequestMethods/</frontProto[name]@resource://devtools/shared/protocol/Front/FrontClassWithSpec.js:47:19\nhide@resource://devtools/client/fronts/highlighters.js:36:18\nexports.safeAsyncMethod/<@resource://devtools/shared/async-utils.js:61:25\nhideHighlighterType@resource://devtools/client/inspector/shared/highlighters-overlay.js:650:23\nexports.safeAsyncMethod/<@resource://devtools/shared/async-utils.js:61:25\n_hideBoxModel@resource://devtools/client/inspector/markup/markup.js:794:40\n_onMouseOut@resource://devtools/client/inspector/markup/markup.js:762:16\nobserve@resource://gre/modules/AsyncShutdown.sys.mjs:569:17\nquit@chrome://remote/content/shared/Browser.sys.mjs:94:22\nGeckoDriver.prototype.quit@chrome://remote/content/marionette/driver.sys.mjs:2934:42\ndespatch@chrome://remote/content/marionette/server.sys.mjs:318:40\nexecute@chrome://remote/content/marionette/server.sys.mjs:289:16\nonPacket/<@chrome://remote/content/marionette/server.sys.mjs:262:20\nonPacket@chrome://remote/content/marionette/server.sys.mjs:263:9\n_onJSONObjectReady/<@chrome://remote/content/marionette/transport.sys.mjs:494:20\n", "resource://devtools/shared/protocol/Front.js", 105))
JavaScript error: , line 0: NotFoundError: No such JSProcessActor 'DevToolsProcess'
JavaScript error: , line 0: NotFoundError: No such JSProcessActor 'DevToolsProcess'
JavaScript error: , line 0: NotFoundError: No such JSProcessActor 'DevToolsProcess'
JavaScript error: , line 0: NotFoundError: No such JSProcessActor 'DevToolsProcess'
1732946148243	geckodriver	INFO	Listening on 127.0.0.1:64256
1732946151332	mozrunner::runner	INFO	Running command: "C:\\Program Files\\Mozilla Firefox\\firefox.exe" "--marionette" "--remote-debugging-port" "64257" "--remote-allow-hosts" "localhost" "-no-remote" "-profile" "C:\\Users\\ADMINI~1\\AppData\\Local\\Temp\\rust_mozprofile0x3dd8"
1732946313939	geckodriver	INFO	Listening on 127.0.0.1:64444
1732946317021	mozrunner::runner	INFO	Running command: "C:\\Program Files\\Mozilla Firefox\\firefox.exe" "--marionette" "--remote-debugging-port" "64445" "--remote-allow-hosts" "localhost" "-no-remote" "-profile" "C:\\Users\\ADMINI~1\\AppData\\Local\\Temp\\rust_mozprofiletDqdwy"
console.warn: services.settings: Ignoring preference override of remote settings server
console.warn: services.settings: Allow by setting MOZ_REMOTE_SETTINGS_DEVTOOLS=1 in the environment
Dynamically enable window occlusion 0
1732946317515	Marionette	INFO	Marionette enabled
1732946317697	Marionette	INFO	Listening on port 64455
WebDriver BiDi listening on ws://127.0.0.1:64445
Read port: 64455
1732946317906	RemoteAgent	WARN	TLS certificate errors will be ignored for this session
JavaScript warning: https://en.wikipedia.org/w/load.php?lang=en&modules=ext.centralNotice.choiceData%2Cdisplay%2CgeoIP%2CimpressionDiet%2CkvStore%2ClegacySupport%2CstartUp%7Cext.centralauth.ForeignApi%2Ccentralautologin%7Cext.checkUser.clientHints%7Cext.cite.ux-enhancements%7Cext.cx.eventlogging.campaigns%7Cext.cx.model%7Cext.cx.uls.quick.actions%7Cext.echo.centralauth%7Cext.eventLogging%2CnavigationTiming%2Cpopups%2CwikimediaEvents%7Cext.growthExperiments.SuggestedEditSession%7Cext.phonos.init%7Cext.scribunto.logs%7Cext.tmh.OgvJsSupport%2Cplayer%7Cext.uls.common%2Cinterface%2Cpreferences%2Cwebfonts%7Cext.urlShortener.toolbar%7Cjquery%2Coojs%2Csite%7Cjquery.client%2CmakeCollapsible%2CtextSelection%7Cjquery.uls.data%7Cmediawiki.ForeignApi%2CString%2CTitle%2CUri%2Capi%2Cbase%2Ccldr%2Ccookie%2Cexperiments%2CjqueryMsg%2Clanguage%2Crouter%2Cstorage%2Ctoc%2Cuser%2Cutil%2CvisibleTimeout%7Cmediawiki.ForeignApi.core%7Cmediawiki.editfont.styles%7Cmediawiki.libs.pluralruleparser%7Cmediawiki.page.gallery%2Cmedia%2Cready%7Cmediawiki.page.watch.ajax%7Cmmv.bootstrap%2Ccodex%7Cmw.cx.SiteMapper%7Coojs-ui.styles.icons-interactions%7Cskins.vector.clientPreferences%2Cjs%7Cskins.vector.icons.js%7Cwikibase.client.vector-2022%7Cwikibase.sidebar.tracking&skin=vector-2022&version=19isk, line 97: Script terminated by timeout at:
ext.eventLogging/BackgroundQueue.js/BackgroundQueue/queue.flush@https://en.wikipedia.org/w/load.php?lang=en&modules=ext.centralNotice.choiceData%2Cdisplay%2CgeoIP%2CimpressionDiet%2CkvStore%2ClegacySupport%2CstartUp%7Cext.centralauth.ForeignApi%2Ccentralautologin%7Cext.checkUser.clientHints%7Cext.cite.ux-enhancements%7Cext.cx.eventlogging.campaigns%7Cext.cx.model%7Cext.cx.uls.quick.actions%7Cext.echo.centralauth%7Cext.eventLogging%2CnavigationTiming%2Cpopups%2CwikimediaEvents%7Cext.growthExperiments.SuggestedEditSession%7Cext.phonos.init%7Cext.scribunto.logs%7Cext.tmh.OgvJsSupport%2Cplayer%7Cext.uls.common%2Cinterface%2Cpreferences%2Cwebfonts%7Cext.urlShortener.toolbar%7Cjquery%2Coojs%2Csite%7Cjquery.client%2CmakeCollapsible%2CtextSelection%7Cjquery.uls.data%7Cmediawiki.ForeignApi%2CString%2CTitle%2CUri%2Capi%2Cbase%2Ccldr%2Ccookie%2Cexperiments%2CjqueryMsg%2Clanguage%2Crouter%2Cstorage%2Ctoc%2Cuser%2Cutil%2CvisibleTimeout%7Cmediawiki.ForeignApi.core%7Cmediawiki.editfont.styles%7Cmediawiki.libs.pluralruleparser%7Cmediawiki.page.gallery%2Cmedia%2Cready%7Cmediawiki.page.watch.ajax%7Cmmv.bootstrap%2Ccodex%7Cmw.cx.SiteMapper%7Coojs-ui.styles.icons-interactions%7Cskins.vector.clientPreferences%2Cjs%7Cskins.vector.icons.js%7Cwikibase.client.vector-2022%7Cwikibase.sidebar.tracking&skin=vector-2022&version=19isk:97:515
ext.eventLogging/BackgroundQueue.js/BackgroundQueue/<@https://en.wikipedia.org/w/load.php?lang=en&modules=ext.centralNotice.choiceData%2Cdisplay%2CgeoIP%2CimpressionDiet%2CkvStore%2ClegacySupport%2CstartUp%7Cext.centralauth.ForeignApi%2Ccentralautologin%7Cext.checkUser.clientHints%7Cext.cite.ux-enhancements%7Cext.cx.eventlogging.campaigns%7Cext.cx.model%7Cext.cx.uls.quick.actions%7Cext.echo.centralauth%7Cext.eventLogging%2CnavigationTiming%2Cpopups%2CwikimediaEvents%7Cext.growthExperiments.SuggestedEditSession%7Cext.phonos.init%7Cext.scribunto.logs%7Cext.tmh.OgvJsSupport%2Cplayer%7Cext.uls.common%2Cinterface%2Cpreferences%2Cwebfonts%7Cext.urlShortener.toolbar%7Cjquery%2Coojs%2Csite%7Cjquery.client%2CmakeCollapsible%2CtextSelection%7Cjquery.uls.data%7Cmediawiki.ForeignApi%2CString%2CTitle%2CUri%2Capi%2Cbase%2Ccldr%2Ccookie%2Cexperiments%2CjqueryMsg%2Clanguage%2Crouter%2Cstorage%2Ctoc%2Cuser%2Cutil%2CvisibleTimeout%7Cmediawiki.ForeignApi.core%7Cmediawiki.editfont.styles%7Cmediawiki.libs.pluralruleparser%7Cmediawiki.page.gallery%2Cmedia%2Cready%7Cmediawiki.page.watch.ajax%7Cmmv.bootstrap%2Ccodex%7Cmw.cx.SiteMapper%7Coojs-ui.styles.icons-interactions%7Cskins.vector.clientPreferences%2Cjs%7Cskins.vector.icons.js%7Cwikibase.client.vector-2022%7Cwikibase.sidebar.tracking&skin=vector-2022&version=19isk:97:583

1732946336783	Marionette	INFO	Stopped listening on port 64455
Dynamically enable window occlusion 1
1732946365511	geckodriver	INFO	Listening on 127.0.0.1:64532
1732946368587	mozrunner::runner	INFO	Running command: "C:\\Program Files\\Mozilla Firefox\\firefox.exe" "--marionette" "--remote-debugging-port" "64533" "--remote-allow-hosts" "localhost" "-no-remote" "-profile" "C:\\Users\\ADMINI~1\\AppData\\Local\\Temp\\rust_mozprofile9axb0p"
console.warn: services.settings: Ignoring preference override of remote settings server
console.warn: services.settings: Allow by setting MOZ_REMOTE_SETTINGS_DEVTOOLS=1 in the environment
Dynamically enable window occlusion 0
1732946369046	Marionette	INFO	Marionette enabled
1732946369226	Marionette	INFO	Listening on port 64542
WebDriver BiDi listening on ws://127.0.0.1:64533
Read port: 64542
1732946369441	RemoteAgent	WARN	TLS certificate errors will be ignored for this session
Exiting due to channel error.
[GFX1-]: CompositorBridgeChild receives IPC[GFX1-][GFX1-]: CompositorBridgeChild receives IPC close with reason=AbnormalShutdown
 close with reason=AbnormalShutdown
: CompositorBridgeChild receives IPC close with reason=AbnormalShutdown
Exiting due to channel error.
Exiting due to channel error.
Kzkd"
console.warn: services.settings: Ignoring preference override of remote settings server
console.warn: services.settings: Allow by setting MOZ_REMOTE_SETTINGS_DEVTOOLS=1 in the environment
Dynamically enable window occlusion 0
1732946500428	Marionette	INFO	Marionette enabled
1732946500607	Marionette	INFO	Listening on port 64698
WebDriver BiDi listening on ws://127.0.0.1:64689
Read port: 64698
1732946500839	RemoteAgent	WARN	TLS certificate errors will be ignored for this session
Exiting due to channel error.
[GFX1-]: Comp[GFX1-]: CompositoorBridgeChild resitoceives IPC[ rBridgeChild receives IPC close with reason=GFX1-]: CompositorBridgeChild receiveAbsnormalShutdown
 IPC close with reason=AbnormalShutdown
close with reason=AbnormalShutdown
Exiting due to channel error.
Exiting due to channel error.
Exiting due to channel error.
1732946725962	geckodriver	INFO	Listening on 127.0.0.1:64914
1732946729046	mozrunner::runner	INFO	Running command: "C:\\Program Files\\Mozilla Firefox\\firefox.exe" "--marionette" "--remote-debugging-port" "64915" "--remote-allow-hosts" "localhost" "-no-remote" "-profile" "C:\\Users\\ADMINI~1\\AppData\\Local\\Temp\\rust_mozprofileNtn18p"
console.warn: services.settings: Ignoring preference override of remote settings server
console.warn: services.settings: Allow by setting MOZ_REMOTE_SETTINGS_DEVTOOLS=1 in the environment
Dynamically enable window occlusion 0
1732946729623	Marionette	INFO	Marionette enabled
1732946729822	Marionette	INFO	Listening on port 64925
WebDriver BiDi listening on ws://127.0.0.1:64915
Read port: 64925
1732946730010	RemoteAgent	WARN	TLS certificate errors will be ignored for this session
1732946765523	Marionette	INFO	Stopped listening on port 64925
Dynamically enable window occlusion 1
1732946812819	geckodriver	INFO	Listening on 127.0.0.1:65021
1732946815904	mozrunner::runner	INFO	Running command: "C:\\Program Files\\Mozilla Firefox\\firefox.exe" "--marionette" "--remote-debugging-port" "65022" "--remote-allow-hosts" "localhost" "-no-remote" "-profile" "C:\\Users\\ADMINI~1\\AppData\\Local\\Temp\\rust_mozprofileemtutz"
console.warn: services.settings: Ignoring preference override of remote settings server
console.warn: services.settings: Allow by setting MOZ_REMOTE_SETTINGS_DEVTOOLS=1 in the environment
Dynamically enable window occlusion 0
1732946816390	Marionette	INFO	Marionette enabled
1732946816574	Marionette	INFO	Listening on port 65031
WebDriver BiDi listening on ws://127.0.0.1:65022
Read port: 65031
1732946816792	RemoteAgent	WARN	TLS certificate errors will be ignored for this session
1732946832735	Marionette	INFO	Stopped listening on port 65031
Dynamically enable window occlusion 1
1732946926129	geckodriver	INFO	Listening on 127.0.0.1:65149
1732946929208	mozrunner::runner	INFO	Running command: "C:\\Program Files\\Mozilla Firefox\\firefox.exe" "--marionette" "--remote-debugging-port" "65150" "--remote-allow-hosts" "localhost" "-no-remote" "-profile" "C:\\Users\\ADMINI~1\\AppData\\Local\\Temp\\rust_mozprofilebc2qtG"
console.warn: services.settings: Ignoring preference override of remote settings server
console.warn: services.settings: Allow by setting MOZ_REMOTE_SETTINGS_DEVTOOLS=1 in the environment
Dynamically enable window occlusion 0
1732946929716	Marionette	INFO	Marionette enabled
1732946929910	Marionette	INFO	Listening on port 65159
WebDriver BiDi listening on ws://127.0.0.1:65150
Read port: 65159
1732946930098	RemoteAgent	WARN	TLS certificate errors will be ignored for this session
1732946947310	Marionette	INFO	Stopped listening on port 65159
Dynamically enable window occlusion 1
1732947127206	geckodriver	INFO	Listening on 127.0.0.1:65351
1732947130279	mozrunner::runner	INFO	Running command: "C:\\Program Files\\Mozilla Firefox\\firefox.exe" "--marionette" "--remote-debugging-port" "65352" "--remote-allow-hosts" "localhost" "-no-remote" "-profile" "C:\\Users\\ADMINI~1\\AppData\\Local\\Temp\\rust_mozprofile10heSG"
console.warn: services.settings: Ignoring preference override of remote settings server
console.warn: services.settings: Allow by setting MOZ_REMOTE_SETTINGS_DEVTOOLS=1 in the environment
Dynamically enable window occlusion 0
1732947130772	Marionette	INFO	Marionette enabled
1732947130949	Marionette	INFO	Listening on port 65361
WebDriver BiDi listening on ws://127.0.0.1:65352
Read port: 65361
1732947131193	RemoteAgent	WARN	TLS certificate errors will be ignored for this session
1732947156769	Marionette	INFO	Stopped listening on port 65361
Dynamically enable window occlusion 1
1732947925347	geckodriver	INFO	Listening on 127.0.0.1:49628
1732947928434	mozrunner::runner	INFO	Running command: "C:\\Program Files\\Mozilla Firefox\\firefox.exe" "--marionette" "--remote-debugging-port" "49629" "--remote-allow-hosts" "localhost" "-no-remote" "-profile" "C:\\Users\\ADMINI~1\\AppData\\Local\\Temp\\rust_mozprofileenVjzT"
console.warn: services.settings: Ignoring preference override of remote settings server
console.warn: services.settings: Allow by setting MOZ_REMOTE_SETTINGS_DEVTOOLS=1 in the environment
Dynamically enable window occlusion 0
1732947928936	Marionette	INFO	Marionette enabled
1732947929110	Marionette	INFO	Listening on port 49642
WebDriver BiDi listening on ws://127.0.0.1:49629
Read port: 49642
1732947929310	RemoteAgent	WARN	TLS certificate errors will be ignored for this session
JavaScript warning: https://en.wikipedia.org/w/load.php?lang=en&modules=ext.centralNotice.choiceData%2Cdisplay%2CgeoIP%2CimpressionDiet%2CkvStore%2ClegacySupport%2CstartUp%7Cext.centralauth.ForeignApi%2Ccentralautologin%7Cext.checkUser.clientHints%7Cext.cite.ux-enhancements%7Cext.cx.eventlogging.campaigns%7Cext.cx.model%7Cext.cx.uls.quick.actions%7Cext.echo.centralauth%7Cext.eventLogging%2CnavigationTiming%2Cpopups%2CwikimediaEvents%7Cext.growthExperiments.SuggestedEditSession%7Cext.phonos.init%7Cext.scribunto.logs%7Cext.tmh.OgvJsSupport%2Cplayer%7Cext.uls.common%2Cinterface%2Cpreferences%2Cwebfonts%7Cext.urlShortener.toolbar%7Cjquery%2Coojs%2Csite%7Cjquery.client%2CmakeCollapsible%2CtextSelection%7Cjquery.uls.data%7Cmediawiki.ForeignApi%2CString%2CTitle%2CUri%2Capi%2Cbase%2Ccldr%2Ccookie%2Cexperiments%2CjqueryMsg%2C1732948545461	Marionette	INFO	Stopped listening on port 49717
Dynamically enable window occlusion 1
ki.editfont.styles%7Cmediawiki.libs.pluralruleparser%7Cmediawiki.page.gallery%2Cmedia%2Cready%7Cmediawiki.page.watch.ajax%7Cmmv.bootstrap%2Ccodex%7Cmw.cx.SiteMapper%7Coojs-ui.styles.icons-interactions%7Cskins.vector.clientPreferences%2Cjs%7Cskins.vector.icons.js%7Cwikibase.client.vector-2022%7Cwikibase.sidebar.tracking&skin=vector-2022&version=19isk, line 97: Script terminated by timeout at:
ext.eventLogging/BackgroundQueue.js/BackgroundQueue/queue.flush@https://en.wikipedia.org/w/load.php?lang=en&modules=ext.centralNotice.choiceData%2Cdisplay%2CgeoIP%2CimpressionDiet%2CkvStore%2ClegacySupport%2CstartUp%7Cext.centralauth.ForeignApi%2Ccentralautologin%7Cext.checkUser.clientHints%7Cext.cite.ux-enhancements%7Cext.cx.evJavaScript warning: https://en.wikipedia.org/w/load.php?lang=en&modules=ext.centralNotice.choiceData%2Cdisplay%2CgeoIP%2CimpressionDiet%2CkvStore%2ClegacySupport%2CstartUp%7Cext.centralauth.ForeignApi%2Ccentralautologin%7Cext.checkUser.clientHints%7Cext.cite.ux-enhancements%7Cext.cx.eventlogging.campaigns%7Cext.cx.model%7Cext.cx.uls.quick.actions%7Cext.echo.centralauth%7Cext.eventLogging%2CnavigationTiming%2Cpopups%2CwikimediaEvents%7Cext.growthExperiments.SuggestedEditSession%7Cext.phonos.init%7Cext.scribunto.logs%7Cext.tmh.OgvJsSupport%2Cplayer%7Cext.uls.common%2Cinterface%2Cpreferences%2Cwebfonts%7Cext.urlShortener.toolbar%7Cjquery%2Coojs%2Csite%7Cjquery.client%2CmakeCollapsible%2CtextSelection%7Cjquery.uls.data%7Cmediawiki.ForeignApi%2CString%2CTitle%2CUri%2Capi%2Cbase%2Ccldr%2Ccookie%2Cexperiments%2CjqueryMsg%2Clanguage%2Crouter%2Cstorage%2Ctoc%2Cuser%2Cutil%2CvisibleTimeout%7Cmediawiki.ForeignApi.core%7Cmediawiki.editfont.styles%7Cmediawiki.libs.pluralruleparser%7Cmediawiki.page.gallery%2Cmedia%2Cready%7Cmediawiki.page.watch.ajax%7Cmmv.bootstrap%2Ccodex%7Cmw.cx.SiteMapper%7Coojs-ui.styles.icons-interactions%7Cskins.vector.clientPreferences%2Cjs%7Cskins.vector.icons.js%7Cwikibase.client.vector-2022%7Cwikibase.sidebar.tracking&skin=vector-2022&version=19isk, line 97: Script terminated by timeout at:
ext.eventLogging/BackgroundQueue.js/BackgroundQueue/queue.flush@https://en.wikipedia.org/w/load.php?lang=en&modules=ext.centralNotice.choiceData%2Cdisplay%2CgeoIP%2CimpressionDiet%2CkvStore%2ClegacySupport%2CstartUp%7Cext.centralauth.ForeignApi%2Ccentralautologin%7Cext.checkUser.clientHints%7Cext.cite.ux-enhancements%7Cext.cx.eventlogging.campaigns%7Cext.cx.model%7Cext.cx.uls.quick.actions%7Cext.echo.centralauth%7Cext.eventLogging%2CnavigationTiming%2Cpopups%2CwikimediaEvents%7Cext.growthExperiments.SuggestedEditSession%7Cext.phonos.init%7Cext.scribunto.logs%7Cext.tmh.OgvJsSupport%2Cplayer%7Cext.uls.common%2Cinterface%2Cpreferences%2Cwebfonts%7Cext.urlShortener.toolbar%7Cjquery%2Coojs%2Csite%7Cjquery.client%2CmakeCollapsible%2CtextSelection%7Cjquery.uls.data%7Cmediawiki.ForeignApi%2CString%2CTitle%2CUri%2Capi%2Cbase%2Ccldr%2Ccookie%2Cexperiments%2CjqueryMsg%2Clanguage%2Crouter%2Cstorage%2Ctoc%2Cuser%2Cutil%2CvisibleTimeout%7Cmediawiki.ForeignApi.core%7Cmediawiki.editfont.styles%7Cmediawiki1732948545460	Marionette	INFO	Stopped listening on port 49642
Dynamically enable window occlusion 1
strap%2Ccodex%7Cmw.cx.SiteMapper%7Coojs-ui.styles.icons-interactions%7Cskins.vector.clientPreferences%2Cjs%7Cskins.vector.icons.js%7Cwikibase.client.vector-2022%7Cwikibase.sidebar.tracking&skin=vector-2022&version=19isk:97:515
ext.eventLogging/BackgroundQueue.js/BackgroundQueue/<@https://en.wikipedia.org/w/load.php?lang=en&modules=ext.centralNotice.choiceData%2Cdisplay%2CgeoIP%2CimpressionDiet%2CkvStore%2ClegacySupport%2CstartUp%7Cext.centralauth.ForeignApi%2Ccentralautologin%7Cext.checkUser.clientHints%7Cext.cite.ux-enhancements%7Cext.cx.eventlogging.campaigns%7Cext.cx.model%7Cext.cx.uls.quick.actions%7Cext.echo.centralauth%7Cext.eventLogging%2CnavigationTiming%2Cpopups%2CwikimediaEvents%7Cext.growthExperiments.SuggestedEditSession%7Cext.phonos.init%7Cext.scribunto.logs%7Cext.tmh.OgvJsSupport%2Cplayer%7Cext.uls.common%2Cinterface%2Cpreferences%2Cwebfonts%7Cext.urlShortener.toolbar%7Cjquery%2Coojs%2Csite%7Cjquery.client%2CmakeCollapsible%2CtextSelection%7Cjquery.uls.data%7Cmediawiki.ForeignApi%2CString%2CTitle%2CUri%2Capi%2Cbase%2Ccldr%2Ccookie%2Cexperiments%2CjqueryMsg%2Clanguage%2Crouter%2Cstorage%2Ctoc%2Cuser%2Cutil%2CvisibleTimeout%7Cmediawiki.ForeignApi.core%7Cmediawiki.editfont.styles%7Cmediawiki.libs.pluralruleparser%7Cmediawiki.page.gallery%2Cmedia%2Cready%7Cmediawiki.page.watch.ajax%7Cmmv.bootstrap%2Ccodex%7Cmw.cx.SiteMapper%7Coojs-ui.styles.icons-interactions%7Cskins.vector.clientPreferences%2Cjs%7Cskins.vector.icons.js%7Cwikibase.client.vector-2022%7Cwikibase.sidebar.tracking&skin=vector-2022&version=19isk:97:583

1732948546045	Marionette	INFO	Stopped listening on port 50199
Dynamically enable window occlusion 1
1732948551721	geckodriver	INFO	Listening on 127.0.0.1:50334
1732948554805	mozrunner::runner	INFO	Running command: "C:\\Program Files\\Mozilla Firefox\\firefox.exe" "--marionette" "--remote-debugging-port" "50335" "--remote-allow-hosts" "localhost" "-no-remote" "-profile" "C:\\Users\\ADMINI~1\\AppData\\Local\\Temp\\rust_mozprofileUQkP6I"
console.warn: services.settings: Ignoring preference override of remote settings server
console.warn: services.settings: Allow by setting MOZ_REMOTE_SETTINGS_DEVTOOLS=1 in the environment
Dynamically enable window occlusion 0
1732948555299	Marionette	INFO	Marionette enabled
1732948555557	Marionette	INFO	Listening on port 50346
WebDriver BiDi listening on ws://127.0.0.1:50335
Read port: 50346
1732948555810	RemoteAgent	WARN	TLS certificate errors will be ignored for this session
JavaScript warning: https://en.wikipedia.org/w/load.php?lang=en&modules=ext.centralNotice.choiceData%2Cdisplay%2CgeoIP%2CimpressionDiet%2CkvStore%2ClegacySupport%2CstartUp%7Cext.centralauth.ForeignApi%2Ccentralautologin%7Cext.checkUser.clientHints%7Cext.cite.ux-enhancements%7Cext.cx.eventlogging.campaigns%7Cext.cx.model%7Cext.cx.uls.quick.actions%7Cext.echo.centralauth%7Cext.eventLogging%2CnavigationTiming%2Cpopups%2CwikimediaEvents%7Cext.growthExperiments.SuggestedEditSession%7Cext.scribunto.logs%7Cext.uls.common%2Cinterface%2Cpreferences%2Cwebfonts%7Cext.urlShortener.toolbar%7Cjquery%2Coojs%2Csite%7Cjquery.client%2CmakeCollapsible%2CtextSelection%7Cjquery.uls.data%7Cmediawiki.ForeignApi%2CString%2CTitle%2CUri%2Capi%2Cbase%2Ccldr%2Ccookie%2Cexperiments%2CjqueryMsg%2Clanguage%2Crouter%2Cstorage%2Ctoc%2Cuser%2Cutil%2C1732949624325	Marionette	INFO	Stopped listening on port 50456
JavaScript warning: https://en.wikipedia.org/w/load.php?lang=en&modules=ext.centralNotice.choiceData%2Cdisplay%2CgeoIP%2CimpressionDiet%2CkvStore%2ClegacySupport%2CstartUp%7Cext.centralauth.ForeignApi%2Ccentralautologin%7Cext.checkUser.clientHints%7Cext.cite.ux-enhancements%7Cext.cx.eventlogging.campaigns%7Cext.cx.model%7Cext.cx.uls.quick.actions%7Cext.echo.centralauth%7Cext.eventLogging%2CnavigationTiming%2Cpopups%2CwikimediaEvents%7Cext.growthExperiments.SuggestedEditSession%7Cext.scribunto.logs%7Cext.uls.common%2Cinterface%2Cpreferences%2Cwebfonts%7Cext.urlShortener.toolbar%7Cjquery%2Coojs%2Csite%7Cjquery.client%2CmakeCollapsible%2CtextSelection%7Cjquery.uls.data%7Cmediawiki.ForeignApi%2CString%2CTitle%2CUri%2Capi%2Cbase%2Ccldr%2Ccookie%2Cexperiments%21732949709007	Marionette	INFO	Stopped listening on port 51195
Dynamically enable window occlusion 1
ore%7Cmediawiki.editfont.styles%7Cmediawiki.libs.pluralruleparser%7Cmediawiki.page.media%2Cready%7Cmediawiki.page.watch.ajax%7Cmmv.bootstrap%2Ccodex%7Cmw.cx.SiteMapper%7Coojs-ui.styles.icons-interactions%7Cskins.vector.clientPreferences%2Cjs%7Cskins.vector.icons.js%7Cwikibase.client.vector-2022%7Cwikibase.sidebar.tracking&skin=vector-2022&version=ll72d, line 97: Script terminated by timeout at:
ext.eventLogging/BackgroundQueue.js/BackgroundQueue/queue.flush@https://en.wikipedia.org/w/load.php?lang=en&modules=ext.centralNotice.choiceData%2Cdisplay%2CgeoIP%2CimpressionDiet%2CkvStore%2ClegacySupport%2CstartUp%7Cext.centralauth.ForeignApi%2Ccentralautologin%7Cext.checkUser.clientHints%7Cext.cite.ux-enhancements%7Cext.cx.eventlogging.campaigns%7Cext.cx.model%7Cext.cx.uls.quick.actions%7Cext.echo.centralauth%7Cext.eventLogging%2CnavigationTiming%2Cpopups%2CwikimediaEvents%7Cext.growthExperiments.SuggestedEditSession%7Cext.scribunto.logs%7Cext.uls.common%2Cinterface%2Cpreferences%2Cwebfonts%7Cext.urlShortener.toolbar%7Cjquery%2Coojs%2Csite%7Cjquery.client%2CmakeCollapsible%2CtextSelection%7Cjquery.uls.data%7Cmediawiki.ForeignApi%2CString%2CTitle%2CUri%2Capi%2Cbase%2Ccldr%2Ccookie%2Cexperiments%2CjqueryMsg%2Clanguage%2Crouter%2Cstorage%2Ctoc%2Cuser%2Cutil%2CvisibleTimeout%7Cmediawiki.ForeignApi.core%7Cmediawiki.editfont.styles%7Cmediawiki.libs.pluralruleparser%7Cmediawiki.page.media%2Cready%7Cmediawiki.page.watch.ajax%7Cmmv.bootstrap%2Ccodex%7Cmw.cx.SiteMapper%7Coojs-ui.styles.icons-interactions%7Cskins.vector.clientPreferences%2Cjs%7Cskins.vector.icons.js%7Cwikibase.client.vector-2022%7Cwikibase.sidebar.tracking&skin=vector-2022&version=ll72d:97:515
ext.eventLogging/BackgroundQueue.js/BackgroundQueue/<@https://en.wikipedia.org/w/load.php?lang=en&modules=ext.centralNotice.choiceData%2Cdisplay%2CgeoIP%2CimpressionDiet%2CkvStore%2ClegacySupport%2CstartUp%7Cext.centralauth.ForeignApi%2Ccentralautologin%7Cext.checkUser.clientHints%7Cext.cite.ux-enhancements%7Cext.cx.eventlogging.campaigns%7Cext.cx.model%7Cext.cx.uls.quick.actions%7Cext.echo.centralauth%7Cext.eventLogging%2CnavigationTiming%2Cpopups%2CwikimediaEvents%7Cext.growthExperiments.SuggestedEditSession%7Cext.scribunto.logs%7Cext.uls.common%2Cinterface%2Cpreferences%2Cwebfonts%7Cext.urlShortener.toolbar%7Cjquery%2Coojs%2Csite%7Cjquery.client%2CmakeCollapsible%2CtextSelection%7Cjquery.uls.data%7Cmediawiki.ForeignApi%2CString%2CTitle%2CUri%2Capi%2Cbase%2Ccldr%2Ccookie%2Cexperiments%2CjqueryMsg%2Clanguage%2Crouter%2Cstorage%2Ctoc%2Cuser%2Cutil%2CvisibleTimeout%7Cmediawiki.ForeignApi.core%7Cmediawiki.editfont.styles%7Cmediawiki.libs.pluralruleparser%7Cmediawiki.page.media%2Cready%7Cmediawiki.page.watch.ajax%7Cmmv.bootstrap%2Ccodex%7Cmw.cx.SiteMapper%7Coojs-ui.styles.icons-interactions%7Cskins.vector.clientPreferences%2Cjs%7Cskins.vector.icons.js%7Cwikibase.client.vector-2022%7Cwikibase.sidebar.tracking&skin=vector-2022&version=ll72d:97:583

Dynamically enable window occlusion 1
1732949671648	geckodriver	INFO	Listening on 127.0.0.1:51290
1732949674712	mozrunner::runner	INFO	Running command: "C:\\Program Files\\Mozilla Firefox\\firefox.exe" "--marionette" "--remote-debugging-port" "51291" "--remote-allow-hosts" "localhost" "-no-remote" "-profile" "C:\\Users\\ADMINI~1\\AppData\\Local\\Temp\\rust_mozprofileuhuf8l"
console.warn: services.settings: Ignoring preference override of remote settings server
console.warn: services.settings: Allow by setting MOZ_REMOTE_SETTINGS_DEVTOOLS=1 in the environment
Dynamically enable window occlusion 0
1732949675191	Marionette	INFO	Marionette enabled
1732949675463	Marionette	INFO	Listening on port 51301
WebDriver BiDi listening on ws://127.0.0.1:51291
Read port: 51301
1732949675698	RemoteAgent	WARN	TLS certificate errors will be ignored for this session
JavaScript warning: https://www.googletagmanager.com/gtag/js?id=G-JLJFWVDS10, line 576: Script terminated by timeout at:
h.Uh@https://www.googletagmanager.com/gtag/js?id=G-JLJFWVDS10:576:487
get@https://www.googletagmanager.com/gtag/js?id=G-JLJFWVDS10:575:119
stop@https://www.googletagmanager.com/gtag/js?id=G-JLJFWVDS10:575:87
h.xl/c/<@https://www.googletagmanager.com/gtag/js?id=G-JLJFWVDS10:575:410

1732949709023	Marionette	INFO	Stopped listening on port 51301
Dynamically enable window occlusion 1
1732949711715	geckodriver	INFO	Listening on 127.0.0.1:51376
1732949714802	mozrunner::runner	INFO	Running command: "C:\\Program Files\\Mozilla Firefox\\firefox.exe" "--marionette" "--remote-debugging-port" "51377" "--remote-allow-hosts" "localhost" "-no-remote" "-profile" "C:\\Users\\ADMINI~1\\AppData\\Local\\Temp\\rust_mozprofileKW8HwX"
console.warn: services.settings: Ignoring preference override of remote settings server
console.warn: services.settings: Allow by setting MOZ_REMOTE_SETTINGS_DEVTOOLS=1 in the environment
Dynamically enable window occlusion 0
1732949715289	Marionette	INFO	Marionette enabled
1732949715505	Marionette	INFO	Listening on port 51387
WebDriver BiDi listening on ws://127.0.0.1:51377
Read port: 51387
1732949715684	RemoteAgent	WARN	TLS certificate errors will be ignored for this session
console.warn: WindowsJumpLists: "Failed to fetch favicon for " "https://demo.guru99.com/test/delete_customer.php" ({})
console.warn: WindowsJumpLists: "Failed to fetch favicon for " "https://demo.guru99.com/test/delete_customer.php" ({})
console.warn: WindowsJumpLists: "Failed to fetch favicon for " "https://demo.guru99.com/test/delete_customer.php" ({})
console.warn: WindowsJumpLists: "Failed to fetch favicon for " "https://demo.guru99.com/test/delete_customer.php" ({})
JavaScript warning: https://www.googletagmanager.com/gtag/js?id=G-JLJFWVDS10, line 174: Script terminated by timeout at:
h.getName@https://www.googletagmanager.com/gtag/js?id=G-JLJFWVDS10:174:271
ad.prototype.getName@https://www.googletagmanager.com/gtag/js?id=G-JLJFWVDS10:175:387
VD@https://www.googletagmanager.com/gtag/js?id=G-JLJFWVDS10:569:111
Gg/c<@https://www.googletagmanager.com/gtag/js?id=G-JLJFWVDS10:234:187
h.invoke@https://www.googletagmanager.com/gtag/js?id=G-JLJFWVDS10:174:314
Ja@https://www.googletagmanager.com/gtag/js?id=G-JLJFWVDS10:141:668
ad.prototype.evaluate@https://www.googletagmanager.com/gtag/js?id=G-JLJFWVDS10:175:329
Ud@https://www.googletagmanager.com/gtag/js?id=G-JLJFWVDS10:199:271
h.invoke@https://www.googletagmanager.com/gtag/js?id=G-JLJFWVDS10:174:314
Ja@https://www.googletagmanager.com/gtag/js?id=G-JLJFWVDS10:141:668
Ia@https://www.googletagmanager.com/gtag/js?id=G-JLJFWVDJavaScript warning: https://www.googletagmanager.com/gtag/js?id=G-JLJFWVDS10, line 576: Script terminated by timeout at:
h.Uh@https://www.googletagmanager.com/gtag/js?id=G-JLJFWVDS10:576:487
get@https://www.googletagmanager.com/gtag/js?id=G-JLJFWVDS10:575:119
stop@https://www.googletagmanager.com/gtag/js?id=G-JLJFWVDS10:575:87
h.xl/c/<@https://www.googletagmanager.com/gtag/js?id=G-JLJFWVDS10:575:410

JavaScript error: resource://gre/modules/AsyncShutdown.sys.mjs, line 569: NotFoundError: No such JSProcessActor 'DevToolsProcess'
JavaScript error: resource://gre/modules/AsyncShutdown.sys.mjs, line 569: NotFoundError: No such JSProcessActor 'DevToolsProcess'
JavaScript error: resource://gre/modules/AsyncShutdown.sys.mjs, line 569: NotFoundError: No such JSProcessActor 'DevToolsProcess'
1732950311682	Marionette	INFO	Stopped listening on port 511732950312706	Marionette	INFO	Stopped listening on port 51975
Dynamically enable window occlusion 1
/shared/source-map-loader/worker.js" ": "
/<@https://www.googletagmanager.com/gtag/js?id=G-JLJFWVDS10:620:17
c@https://www.googletagmanager.com/gtag/js?id=G-JLJFWVDS10:474:464
Du@https://www.googletagmanager.com/gtag/js?id=G-JLJFWVDS10:475:282
h.fn@https://www.googletagmanager.com/gtag/js?id=G-JLJFWVDS10:620:3
c@https://www.googletagmanager.com/gtag/js?id=G-JLJFWVDS10:635:671
jn@https://www.googletagmanager.com/gtag/js?id=G-JLJFWVDS10:358:28
hn.prototype.flush@https://www.googletagmanager.com/gtag/js?id=G-JLJFWVDS10:360:337
hn.prototype.push@https://www.googletagmanager.com/gtag/js?id=G-JLJFWVDS10:358:431
an@https://www.googletagmanager.com/gtag/js?id=G-JLJFWVDS10:355:773
OI/<@https://www.googletagmanager.com/gtag/js?id=G-JLJFWVDS10:636:187
h.xl/<@https://www.googletagmanager.com/gtag/js?id=G-JLJFWVDS10:576:126
h.xl/c/<@https://www.googletagmanager.com/gtag/js?id=G-JLJFWVDS10:575:418

1732950311630	Marionette	INFO	Stopped listening on port 51387
Dynamically enable window occlusion 1
1732950409701	geckodriver	INFO	Listening on 127.0.0.1:52162
1732950412764	mozrunner::runner	INFO	Running command: "C:\\Program Files\\Mozilla Firefox\\firefox.exe" "--marionette" "--remote-debugging-port" "52163" "--remote-allow-hosts" "localhost" "-no-remote" "-profile" "C:\\Users\\ADMINI~1\\AppData\\Local\\Temp\\rust_mozprofileOpv3CK"
console.warn: services.settings: Ignoring preference override of remote settings server
console.warn: services.settings: Allow by setting MOZ_REMOTE_SETTINGS_DEVTOOLS=1 in the environment
Dynamically enable window occlusion 0
1732950413223	Marionette	INFO	Marionette enabled
1732950413444	Marionette	INFO	Listening on port 52174
WebDriver BiDi listening on ws://127.0.0.1:52163
Read port: 52174
1732950413654	RemoteAgent	WARN	TLS certificate errors will be ignored for this session
JavaScript error: , line 0: NS_ERROR_NOT_AVAILABLE
1732963089027	geckodriver	INFO	Listening on 127.0.0.1:63802
1732963092124	mozrunner::runner	INFO	Running command: "C:\\Program Files\\Mozilla Firefox\\firefox.exe" "--marionette" "--remote-debugging-port" "63803" "--remote-allow-hosts" "localhost" "-no-remote" "-profile" "C:\\Users\\ADMINI~1\\AppData\\Local\\Temp\\rust_mozprofileGMFnia"
console.warn: services.settings: Ignoring preference override of remote settings server
console.warn: services.settings: Allow by setting MOZ_REMOTE_SETTINGS_DEVTOOLS=1 in the environment
Dynamically enable window occlusion 0
1732963092650	Marionette	INFO	Marionette enabled
1732963092924	Marionette	INFO	Listening on port 63811
WebDriver BiDi listening on ws://127.0.0.1:63803
Read port: 63811
1732963093110	RemoteAgent	WARN	TLS certificate errors will be ignored for this session
1732963924447	geckodriver	INFO	Listening on 127.0.0.1:64448
